<?xml version="1.0" encoding="utf-8"?><testsuites name="pytest tests"><testsuite name="pytest" errors="0" failures="0" skipped="0" tests="13" time="1.257" timestamp="2026-09-24T08:54:36.563607+00:00" hostname="1184c4b92768"><testcase classname="tests.test_b4a_amendment" name="test_tolerance_and_units" time="0.293" /><testcase classname="tests.test_b4a_amendment" name="test_readme_status_exact_edges" time="0.001" /><testcase classname="tests.test_b4a_amendment" name="test_readme_status_s1_cases" time="0.001" /><testcase classname="tests.test_b4a_amendment" name="test_lower_side_is_the_frozen_rule_on_every_10k_count" time="0.002" /><testcase classname="tests.test_b4a_amendment" name="test_readme_block_keeps_the_frozen_keys" time="0.001" /><testcase classname="tests.test_b4a_amendment" name="test_s1_precondition" time="0.001" /><testcase classname="tests.test_b4a_amendment" name="test_heads_dir" time="0.001" /><testcase classname="tests.test_b4a_amendment" name="test_counts" time="0.001" /><testcase classname="tests.test_b4a_amendment" name="test_refusals_before_torch" time="0.087" /><testcase classname="tests.test_b4a_amendment" name="test_extractor_accepts_the_amended_record" time="0.064" /><testcase classname="tests.test_b4a_amendment" name="test_module_level_imports_are_stdlib_and_b4_weights_only" time="0.010" /><testcase classname="tests.test_b4a_amendment" name="test_import_does_not_import_torch" time="0.387" /><testcase classname="tests.test_b4a_amendment" name="test_gate_unit_is_the_frozen_one_outside_the_marked_change" time="0.015" /></testsuite></testsuites>