<?xml version="1.0" encoding="utf-8"?><testsuites name="pytest tests"><testsuite name="pytest" errors="0" failures="0" skipped="1" tests="138" time="268.306" timestamp="2026-09-24T16:58:22.338909+00:00" hostname="bc5691ccc995"><testcase classname="tests.test_b4_core" name="test_import_does_not_import_torch_scipy_sklearn" time="0.189" /><testcase classname="tests.test_b4_core" name="test_imports_are_stdlib_and_numpy_only[atlas/b4_core.py]" time="0.020" /><testcase classname="tests.test_b4_core" name="test_imports_are_stdlib_and_numpy_only[atlas/b4_collapse.py]" time="0.008" /><testcase classname="tests.test_b4_core" name="test_imports_are_stdlib_and_numpy_only[atlas/faults.py]" time="0.009" /><testcase classname="tests.test_b4_core" name="test_confirmation_only_list_is_the_d7_list" time="0.000" /><testcase classname="tests.test_b4_core" name="test_auc_and_delong" time="0.058" /><testcase classname="tests.test_b4_core" name="test_aucboot_equals_replicated_sample" time="0.000" /><testcase classname="tests.test_b4_core" name="test_spearman_partial_holm" time="0.001" /><testcase classname="tests.test_b4_core" name="test_head_stats_known_answers" time="0.000" /><testcase classname="tests.test_b4_core" name="test_fit_temperature_recovers_the_generating_temperature" time="0.095" /><testcase classname="tests.test_b4_core" name="test_ece_calibrated_and_overconfident" time="0.001" /><testcase classname="tests.test_b4_core" name="test_crossfit_uses_an_informative_bundle" time="0.013" /><testcase classname="tests.test_b4_core" name="test_head_additive_call_three_way" time="0.000" /><testcase classname="tests.test_b4_core" name="test_head_additive_rule_power_and_size" time="2.108" /><testcase classname="tests.test_b4_core" name="test_risk_coverage_and_rates" time="0.000" /><testcase classname="tests.test_b4_core" name="test_conformal_p_known_answers_and_validity" time="0.017" /><testcase classname="tests.test_b4_core" name="test_knn_matches_brute_force" time="0.003" /><testcase classname="tests.test_b4_core" name="test_parse_split_and_names" time="0.000" /><testcase classname="tests.test_b4_core" name="test_clean_json" time="0.000" /><testcase classname="tests.test_b4_core" name="test_discovery_refuses_confirmation_only_splits" time="0.006" /><testcase classname="tests.test_b4_core" name="test_partial_dump_is_refused" time="0.003" /><testcase classname="tests.test_b4_core" name="test_sealed_dump_needs_confirmation_and_a_p2_freeze" time="0.003" /><testcase classname="tests.test_b4_core" name="test_b4c_path_prefix_seals" time="0.005" /><testcase classname="tests.test_b4_core" name="test_registry_helpers" time="0.007" /><testcase classname="tests.test_b4_core" name="test_guard_output_append_only_and_touched_once" time="0.001" /><testcase classname="tests.test_b4_core" name="test_probe_argparser_contract" time="0.001" /><testcase classname="tests.test_b4_core" name="test_probe_run_record" time="0.022" /><testcase classname="tests.test_b4_collapse" name="test_nc1_is_the_committed_atlas_formula" time="0.682" /><testcase classname="tests.test_b4_collapse" name="test_nc1_limits_and_head_alignment" time="0.005" /><testcase classname="tests.test_b4_collapse" name="test_simplex_etf_and_center_distances" time="0.003" /><testcase classname="tests.test_b4_collapse" name="test_nc1_around_train_means" time="0.001" /><testcase classname="tests.test_b4_collapse" name="test_cross_validated_gap_removes_the_width_dependence" time="0.348" /><testcase classname="tests.test_b4_collapse" name="test_label_free_coords_and_ncc" time="0.077" /><testcase classname="tests.test_b4_collapse" name="test_pre_tap_rule_and_duplicates" time="0.001" /><testcase classname="tests.test_faults" name="test_t1_faults_deterministic_and_salted" time="0.002" /><testcase classname="tests.test_faults" name="test_deadpix_fraction_values_and_fixed_position" time="0.002" /><testcase classname="tests.test_faults" name="test_occlusion_disc_area_and_exposure" time="0.001" /><testcase classname="tests.test_faults" name="test_lane_s_regions_and_strengths" time="0.002" /><testcase classname="tests.test_faults" name="test_lane_s_keyed_by_row" time="0.005" /><testcase classname="tests.test_faults" name="test_conditions_and_holdout" time="0.000" /><testcase classname="tests.test_b4_extract" name="test_constants_agree_with_core_and_registry" time="0.028" /><testcase classname="tests.test_b4_extract" name="test_pre_tap_rule_is_the_collapse_rule" time="0.000" /><testcase classname="tests.test_b4_extract" name="test_plan_splits_fit_eval_maps" time="0.006" /><testcase classname="tests.test_b4_extract" name="test_weights_gate_rules" time="0.001" /><testcase classname="tests.test_b4_extract" name="test_head_path_check" time="0.001" /><testcase classname="tests.test_b4_extract" name="test_selftest_passes" time="5.751" /><testcase classname="tests.test_b4_extract" name="test_vectorised_normalisation_is_the_pil_path" time="0.007" /><testcase classname="tests.test_b4_extract" name="test_sealed_flag_must_match_the_registry" time="0.009" /><testcase classname="tests.test_b4_extract" name="test_real_units_are_gpu_only" time="0.006" /><testcase classname="tests.test_b4_extract" name="test_anchor_gate_on_a_synthetic_anchor" time="1.271" /><testcase classname="tests.test_b4_extract" name="test_record_of_a_sealed_dump_is_small_and_blind" time="1.091" /><testcase classname="tests.test_b4_extract" name="test_hub_tap_specs[cifar10_mobilenetv2_x0_5]" time="0.218" /><testcase classname="tests.test_b4_extract" name="test_hub_tap_specs[cifar10_mobilenetv2_x0_75]" time="0.364" /><testcase classname="tests.test_b4_extract" name="test_hub_tap_specs[cifar10_mobilenetv2_x1_0]" time="0.313" /><testcase classname="tests.test_b4_extract" name="test_hub_tap_specs[cifar10_mobilenetv2_x1_4]" time="0.503" /><testcase classname="tests.test_b4_extract" name="test_hub_tap_specs[cifar10_repvgg_a0]" time="0.196" /><testcase classname="tests.test_b4_extract" name="test_hub_tap_specs[cifar10_repvgg_a1]" time="0.384" /><testcase classname="tests.test_b4_extract" name="test_hub_tap_specs[cifar10_repvgg_a2]" time="0.596" /><testcase classname="tests.test_b4_extract" name="test_hub_tap_specs[cifar10_resnet20]" time="0.037" /><testcase classname="tests.test_b4_extract" name="test_hub_tap_specs[cifar10_resnet32]" time="0.047" /><testcase classname="tests.test_b4_extract" name="test_hub_tap_specs[cifar10_resnet44]" time="0.055" /><testcase classname="tests.test_b4_extract" name="test_hub_tap_specs[cifar10_resnet56]" time="0.072" /><testcase classname="tests.test_b4_extract" name="test_hub_tap_specs[cifar10_shufflenetv2_x0_5]" time="0.065" /><testcase classname="tests.test_b4_extract" name="test_hub_tap_specs[cifar10_shufflenetv2_x1_0]" time="0.091" /><testcase classname="tests.test_b4_extract" name="test_hub_tap_specs[cifar10_shufflenetv2_x1_5]" time="0.098" /><testcase classname="tests.test_b4_extract" name="test_hub_tap_specs[cifar10_shufflenetv2_x2_0]" time="0.186" /><testcase classname="tests.test_b4_extract" name="test_hub_tap_specs[cifar10_vgg11_bn]" time="0.110" /><testcase classname="tests.test_b4_extract" name="test_hub_tap_specs[cifar10_vgg13_bn]" time="0.133" /><testcase classname="tests.test_b4_extract" name="test_hub_tap_specs[cifar10_vgg16_bn]" time="0.181" /><testcase classname="tests.test_b4_extract" name="test_hub_tap_specs[cifar10_vgg19_bn]" time="0.194" /><testcase classname="tests.test_b4_reg" name="test_registry_is_valid_and_ascii" time="0.020" /><testcase classname="tests.test_b4_reg" name="test_roles_d3" time="0.005" /><testcase classname="tests.test_b4_reg" name="test_cuts" time="0.017" /><testcase classname="tests.test_b4_reg" name="test_discovery_jobs" time="0.061" /><testcase classname="tests.test_b4_reg" name="test_replay_reprobe_and_confirmation_jobs" time="0.132" /><testcase classname="tests.test_b4_reg" name="test_timeouts_and_tags" time="0.009" /><testcase classname="tests.test_b4_reg" name="test_gb_groups" time="0.045" /><testcase classname="tests.test_b4_reg" name="test_replay_compare_tolerance" time="0.009" /><testcase classname="tests.test_b4_reg" name="test_timing_collects_probe_records" time="0.006" /><testcase classname="tests.test_t1_scoreboard" name="test_imports_are_stdlib_numpy_and_atlas_only" time="0.029" /><testcase classname="tests.test_t1_scoreboard" name="test_import_pulls_no_torch_scipy_sklearn" time="0.306" /><testcase classname="tests.test_t1_scoreboard" name="test_o1_bundle_is_the_schema_constant" time="0.011" /><testcase classname="tests.test_t1_scoreboard" name="test_every_bundle_signal_has_an_orientation" time="0.000" /><testcase classname="tests.test_t1_scoreboard" name="test_layouts_follow_the_row_ledger" time="0.001" /><testcase classname="tests.test_t1_scoreboard" name="test_auc_inside_gap_deciles" time="0.008" /><testcase classname="tests.test_t1_scoreboard" name="test_ks_identities_and_vectorised_pvalue" time="0.001" /><testcase classname="tests.test_t1_scoreboard" name="test_simplex_bbse_isotonic" time="0.001" /><testcase classname="tests.test_t1_scoreboard" name="test_batch_idx_is_deterministic_and_distinct" time="0.001" /><testcase classname="tests.test_t1_scoreboard" name="test_call_pix_three_way" time="0.000" /><testcase classname="tests.test_t1_scoreboard" name="test_schema_validator_on_the_outcomes_schema" time="0.006" /><testcase classname="tests.test_t1_scoreboard" name="test_centre_margin_and_distance_match_brute_force" time="0.011" /><testcase classname="tests.test_t1_scoreboard" name="test_full_level_known_answers" time="0.010" /><testcase classname="tests.test_t1_scoreboard" name="test_mahalanobis_drops_dead_directions" time="0.013" /><testcase classname="tests.test_t1_scoreboard" name="test_trajectory_prediction_depth" time="0.002" /><testcase classname="tests.test_t1_scoreboard" name="test_joint_eval_is_head_increment_exactly" time="0.113" /><testcase classname="tests.test_t1_scoreboard" name="test_transfer_target_trains_on_train_ok_only" time="0.040" /><testcase classname="tests.test_t1_scoreboard" name="test_o5_record_known_answer" time="0.003" /><testcase classname="tests.test_t1_scoreboard" name="test_discovery_plan_and_the_seal" time="0.165" /><testcase classname="tests.test_t1_scoreboard" name="test_selftest_end_to_end" time="83.759" /><testcase classname="tests.test_t1_streams" name="test_imports_are_stdlib_numpy_and_the_scoreboard_only" time="0.013" /><testcase classname="tests.test_t1_streams" name="test_mewma_in_control_is_chi2_and_a_frozen_frame_freezes_it" time="0.108" /><testcase classname="tests.test_t1_streams" name="test_conformal_cusum_has_no_drift_in_control" time="0.007" /><testcase classname="tests.test_t1_streams" name="test_first_alarm_and_calibration" time="0.181" /><testcase classname="tests.test_t1_streams" name="test_repeat_check_and_builders" time="0.001" /><testcase classname="tests.test_t1_streams" name="test_window_statistics" time="0.015" /><testcase classname="tests.test_t1_streams" name="test_information_rate" time="0.037" /><testcase classname="tests.test_t1_streams" name="test_end_to_end_on_synthetic_frames" time="2.411" /><testcase classname="tests.test_t1_streams" name="test_synthetic_heldout_pool_matches_the_cal_pool" time="0.006" /><testcase classname="tests.test_t1_streams" name="test_selftest_passes_including_the_dump_path" time="48.607" /><testcase classname="tests.test_collapse_probe" name="test_imports_are_stdlib_numpy_and_atlas_only" time="0.018" /><testcase classname="tests.test_collapse_probe" name="test_import_does_not_import_torch_scipy_sklearn" time="0.308" /><testcase classname="tests.test_collapse_probe" name="test_selftest_passes" time="79.733" /><testcase classname="tests.test_collapse_probe" name="test_laws_read_only_paths_the_probe_writes" time="27.203" /><testcase classname="tests.test_collapse_probe" name="test_outcomes_and_contract_fields" time="0.000" /><testcase classname="tests.test_collapse_probe" name="test_harm_fit_and_hold_band" time="0.000" /><testcase classname="tests.test_collapse_probe" name="test_boot_auc_diff_brackets_and_is_keyed" time="0.053" /><testcase classname="tests.test_collapse_probe" name="test_trimmed_nc1_equals_verbatim_when_the_pinv_is_stable" time="0.003" /><testcase classname="tests.test_collapse_probe" name="test_tap_coords_uses_the_core_label_free_definitions" time="0.006" /><testcase classname="tests.test_collapse_probe" name="test_ood_block_orientation_and_best_head" time="0.000" /><testcase classname="tests.test_collapse_probe" name="test_best_by_is_deterministic" time="0.000" /><testcase classname="tests.test_collapse_probe" name="test_cli_requires_the_contract_arguments" time="0.001" /><testcase classname="tests.test_collapse_probe" name="test_selftest_out_is_never_overwritten" time="0.001" /><testcase classname="tests.test_collapse_probe" name="test_role_guard" time="0.000" /><testcase classname="tests.test_t3s_spatial" name="test_frozen_condition_sets" time="0.008" /><testcase classname="tests.test_t3s_spatial" name="test_registry_lane_s_units" time="0.008" /><testcase classname="tests.test_t3s_spatial" name="test_gauss_known_answers" time="0.009" /><testcase classname="tests.test_t3s_spatial" name="test_map_stats_and_gini" time="0.000" /><testcase classname="tests.test_t3s_spatial" name="test_cells_dilation_pointing" time="0.000" /><testcase classname="tests.test_t3s_spatial" name="test_pixel_cells_known" time="0.001" /><testcase classname="tests.test_t3s_spatial" name="test_identity_check" time="0.001" /><testcase classname="tests.test_t3s_spatial" name="test_planted_known_answers" time="1.181" /><testcase classname="tests.test_t3s_spatial" name="test_replay_determinism" time="0.781" /><testcase classname="tests.test_t3s_spatial" name="test_seal_touched_once_and_soiling" time="0.984" /><testcase classname="tests.test_t3s_spatial" name="test_no_pixels_skips_the_pixel_claim" time="0.247" /><testcase classname="tests.test_t3s_spatial" name="test_output_guard_append_only" time="0.001" /><testcase classname="tests.test_t3s_spatial" name="test_eval_js_reads_the_record" time="0.000"><skipped type="pytest.skip" message="node not installed (the Windows evaluation reads the same fields)">/workspace/Atlas/tests/test_t3s_spatial.py:238: node not installed (the Windows evaluation reads the same fields)</skipped></testcase><testcase classname="tests.test_t3s_spatial" name="test_selftest_passes" time="2.946" /><testcase classname="tests.test_t3s_spatial" name="test_extractor_maps_dump_round_trip" time="1.992" /></testsuite></testsuites>